This is XeTeX, Version 3.1415926-2.3-0.9997.5 (MiKTeX 2.9) (preloaded format=xelatex 2016.10.11)  16 MAY 2017 13:13
entering extended mode
**MasterTemplate.tex
(E:\Software\WHU-Thesis-LaTeX\MasterTemplate.tex
LaTeX2e <2011/06/27>
Babel <v3.8m> and hyphenation patterns for loaded.
(E:\Software\WHU-Thesis-LaTeX\WHUMaster.cls
("D:\Program Files\CTEX\MiKTeX\tex\latex\fontspec\fontspec.sty"
Package: fontspec 2011/09/18 v2.2a Advanced font selection for XeLaTeX/LuaLaTeX


("D:\Program Files\CTEX\MiKTeX\tex\latex\l3kernel\expl3.sty"
("D:\Program Files\CTEX\MiKTeX\tex\latex\l3kernel\l3names.sty"
("D:\Program Files\CTEX\MiKTeX\tex\latex\l3kernel\l3bootstrap.sty"
Package: l3bootstrap 2011/12/29 v3110 L3 Experimental bootstrap code
)
Package: l3names 2011/12/30 v3113 L3 Experimental namespace for primitives
)
("D:\Program Files\CTEX\MiKTeX\tex\latex\misc\etex.sty"
Package: etex 1998/03/26 v2.0 eTeX basic definition package (PEB)
\et@xins=\count80
)
Package: expl3 2012/02/26 v3471 L3 Experimental code bundle wrapper

("D:\Program Files\CTEX\MiKTeX\tex\latex\graphics\color.sty"
Package: color 2005/11/14 v1.0j Standard LaTeX Color (DPC)

("D:\Program Files\CTEX\MiKTeX\tex\latex\00miktex\color.cfg"
File: color.cfg 2007/01/18 v1.5 color configuration of teTeX/TeXLive
)
Package color Info: Driver file: xetex.def on input line 130.

("D:\Program Files\CTEX\MiKTeX\tex\xelatex\xetex-def\xetex.def"
File: xetex.def 2009/11/22 v0.94 LaTeX color/graphics driver for XeTeX (RRM/JK)

))
("D:\Program Files\CTEX\MiKTeX\tex\latex\graphics\graphics.sty"
Package: graphics 2009/02/05 v1.0o Standard LaTeX Graphics (DPC,SPQR)

("D:\Program Files\CTEX\MiKTeX\tex\latex\graphics\trig.sty"
Package: trig 1999/03/16 v1.09 sin cos tan (DPC)
)
("D:\Program Files\CTEX\MiKTeX\tex\latex\00miktex\graphics.cfg"
File: graphics.cfg 2007/01/18 v1.5 graphics configuration of teTeX/TeXLive
)
Package graphics Info: Driver file: xetex.def on input line 91.
)
("D:\Program Files\CTEX\MiKTeX\tex\latex\l3kernel\l3basics.sty"
Package: l3basics 2012/02/26 v3460 L3 Experimental basic definitions
)
("D:\Program Files\CTEX\MiKTeX\tex\latex\l3kernel\l3expan.sty"
Package: l3expan 2012/02/26 v3460 L3 Experimental argument expansion
)
("D:\Program Files\CTEX\MiKTeX\tex\latex\l3kernel\l3tl.sty"
Package: l3tl 2012/02/26 v3460 L3 Experimental token lists
)
("D:\Program Files\CTEX\MiKTeX\tex\latex\l3kernel\l3seq.sty"
Package: l3seq 2012/01/09 v3158 L3 Experimental sequences and stacks
)
("D:\Program Files\CTEX\MiKTeX\tex\latex\l3kernel\l3int.sty"
Package: l3int 2012/02/26 v3460 L3 Experimental integers
\c_max_int=\count81
\l_tmpa_int=\count82
\l_tmpb_int=\count83
\l_tmpc_int=\count84
\g_tmpa_int=\count85
\g_tmpb_int=\count86
)
("D:\Program Files\CTEX\MiKTeX\tex\latex\l3kernel\l3quark.sty"
Package: l3quark 2012/02/12 v3384 L3 Experimental quarks
)
("D:\Program Files\CTEX\MiKTeX\tex\latex\l3kernel\l3prg.sty"
Package: l3prg 2012/02/26 v3464 L3 Experimental control structures
\g_prg_map_int=\count87
)
("D:\Program Files\CTEX\MiKTeX\tex\latex\l3kernel\l3clist.sty"
Package: l3clist 2012/02/26 v3460 L3 Experimental comma separated lists
)
("D:\Program Files\CTEX\MiKTeX\tex\latex\l3kernel\l3token.sty"
Package: l3token 2012/02/26 v3460 L3 Experimental token manipulation
)
("D:\Program Files\CTEX\MiKTeX\tex\latex\l3kernel\l3prop.sty"
Package: l3prop 2012/02/26 v3460 L3 Experimental property lists
)
("D:\Program Files\CTEX\MiKTeX\tex\latex\l3kernel\l3msg.sty"
Package: l3msg 2012/02/26 v3470 L3 Experimental messages
)
("D:\Program Files\CTEX\MiKTeX\tex\latex\l3kernel\l3file.sty"
Package: l3file 2012/02/26 v3464 L3 Experimental file and I/O operations
\l_iow_stream_int=\count88
\l_iow_line_length_int=\count89
\l_iow_target_length_int=\count90
\l_iow_current_line_int=\count91
\l_iow_current_word_int=\count92
\l_iow_current_indentation_int=\count93
)
("D:\Program Files\CTEX\MiKTeX\tex\latex\l3kernel\l3skip.sty"
Package: l3skip 2012/02/26 v3460 L3 Experimental dimensions and skips
\l_tmpa_dim=\dimen102
\l_tmpb_dim=\dimen103
\l_tmpc_dim=\dimen104
\g_tmpa_dim=\dimen105
\g_tmpb_dim=\dimen106
\l_tmpa_skip=\skip41
\l_tmpb_skip=\skip42
\l_tmpc_skip=\skip43
\g_tmpa_skip=\skip44
\g_tmpb_skip=\skip45
)
("D:\Program Files\CTEX\MiKTeX\tex\latex\l3kernel\l3keys.sty"
Package: l3keys 2011/12/22 v3086 L3 Experimental key-value interfaces
\g_keyval_level_int=\count94
\l_keys_choice_int=\count95
)
("D:\Program Files\CTEX\MiKTeX\tex\latex\l3kernel\l3fp.sty"
Package: l3fp 2012/02/06 v3315 L3 Experimental floating-point operations
\c_one_hundred_million=\count96
\c_five_hundred_million=\count97
\c_one_thousand_million=\count98
\c_fp_pi_by_four_decimal_int=\count99
\c_fp_pi_by_four_extended_int=\count100
\c_fp_pi_decimal_int=\count101
\c_fp_pi_extended_int=\count102
\c_fp_two_pi_decimal_int=\count103
\c_fp_two_pi_extended_int=\count104
\l_fp_count_int=\count105
\l_fp_div_offset_int=\count106
\l_fp_exp_integer_int=\count107
\l_fp_exp_decimal_int=\count108
\l_fp_exp_extended_int=\count109
\l_fp_exp_exponent_int=\count110
\l_fp_input_a_sign_int=\count111
\l_fp_input_a_integer_int=\count112
\l_fp_input_a_decimal_int=\count113
\l_fp_input_a_exponent_int=\count114
\l_fp_input_b_sign_int=\count115
\l_fp_input_b_integer_int=\count116
\l_fp_input_b_decimal_int=\count117
\l_fp_input_b_exponent_int=\count118
\l_fp_input_a_extended_int=\count119
\l_fp_input_b_extended_int=\count120
\l_fp_mul_a_i_int=\count121
\l_fp_mul_a_ii_int=\count122
\l_fp_mul_a_iii_int=\count123
\l_fp_mul_a_iv_int=\count124
\l_fp_mul_a_v_int=\count125
\l_fp_mul_a_vi_int=\count126
\l_fp_mul_b_i_int=\count127
\l_fp_mul_b_ii_int=\count128
\l_fp_mul_b_iii_int=\count129
\l_fp_mul_b_iv_int=\count130
\l_fp_mul_b_v_int=\count131
\l_fp_mul_b_vi_int=\count132
\l_fp_mul_output_int=\count133
\l_fp_output_sign_int=\count134
\l_fp_output_integer_int=\count135
\l_fp_output_decimal_int=\count136
\l_fp_output_exponent_int=\count137
\l_fp_output_extended_int=\count138
\l_fp_round_position_int=\count139
\l_fp_round_target_int=\count140
\l_fp_split_sign_int=\count141
\l_fp_internal_int=\count142
\l_fp_trig_octant_int=\count143
\l_fp_trig_sign_int=\count144
\l_fp_trig_decimal_int=\count145
\l_fp_trig_extended_int=\count146
\l_fp_internal_dim=\dimen107
\l_fp_internal_skip=\skip46
)
("D:\Program Files\CTEX\MiKTeX\tex\latex\l3kernel\l3box.sty"
Package: l3box 2012/02/18 v3432 L3 Experimental boxes
\l_tmpb_box=\box26
\l_box_top_dim=\dimen108
\l_box_bottom_dim=\dimen109
\l_box_left_dim=\dimen110
\l_box_right_dim=\dimen111
\l_box_top_new_dim=\dimen112
\l_box_bottom_new_dim=\dimen113
\l_box_left_new_dim=\dimen114
\l_box_right_new_dim=\dimen115
\l_box_internal_box=\box27
)
("D:\Program Files\CTEX\MiKTeX\tex\latex\l3kernel\l3coffins.sty"
Package: l3coffins 2012/02/26 v3460 L3 Experimental coffin code layer
\l_coffin_internal_box=\box28
\l_coffin_internal_dim=\dimen116
\l_coffin_offset_x_dim=\dimen117
\l_coffin_offset_y_dim=\dimen118
\l_coffin_x_dim=\dimen119
\l_coffin_y_dim=\dimen120
\l_coffin_x_prime_dim=\dimen121
\l_coffin_y_prime_dim=\dimen122
\l_coffin_Depth_dim=\dimen123
\l_coffin_Height_dim=\dimen124
\l_coffin_TotalHeight_dim=\dimen125
\l_coffin_Width_dim=\dimen126
\c_empty_coffin=\box29
\l_coffin_aligned_coffin=\box30
\l_coffin_aligned_internal_coffin=\box31
\l_coffin_bounding_shift_dim=\dimen127
\l_coffin_left_corner_dim=\dimen128
\l_coffin_right_corner_dim=\dimen129
\l_coffin_bottom_corner_dim=\dimen130
\l_coffin_top_corner_dim=\dimen131
\l_coffin_scaled_total_height_dim=\dimen132
\l_coffin_scaled_width_dim=\dimen133
\l_coffin_display_coffin=\box32
\l_coffin_display_coord_coffin=\box33
\l_coffin_display_pole_coffin=\box34
\l_coffin_display_offset_dim=\dimen134
\l_coffin_display_x_dim=\dimen135
\l_coffin_display_y_dim=\dimen136
)
("D:\Program Files\CTEX\MiKTeX\tex\latex\l3kernel\l3color.sty"
Package: l3color 2011/09/07 v2776 L3 Experimental colour support
)
("D:\Program Files\CTEX\MiKTeX\tex\latex\l3kernel\l3luatex.sty"
Package: l3luatex 2012/02/09 v3355 L3 Experimental LuaTeX-specific functions
\g_cctab_allocate_int=\count147
\g_cctab_stack_int=\count148
))
("D:\Program Files\CTEX\MiKTeX\tex\latex\l3packages\xparse\xparse.sty"
Package: xparse 2012/02/26 v3471 L3 Experimental document command parser
\l_xparse_current_arg_int=\count149
\l_xparse_m_args_int=\count150
\l_xparse_mandatory_args_int=\count151
\l_xparse_processor_int=\count152
\l_xparse_v_nesting_int=\count153
)
\l_fontspec_script_int=\count154
\l_fontspec_language_int=\count155
\l_fontspec_strnum_int=\count156
\l_fontspec_tmpa_dim=\dimen137
\l_fontspec_tmpb_dim=\dimen138
\l_fontspec_tmpc_dim=\dimen139
Variant \tl_gset:cV already defined; not changing it on line 66

("D:\Program Files\CTEX\MiKTeX\tex\latex\fontspec\fontspec-patches.sty"
Package: fontspec-patches 2011/09/18 v2.2a Advanced font selection for XeLaTeX/
LuaLaTeX

("D:\Program Files\CTEX\MiKTeX\tex\latex\base\fixltx2e.sty"
Package: fixltx2e 2006/09/13 v1.1m fixes to LaTeX
LaTeX Info: Redefining \em on input line 420.
)
LaTeX Info: Redefining \em on input line 22.
LaTeX Info: Redefining \emph on input line 29.
LaTeX Info: Redefining \- on input line 32.

*************************************************
* LaTeX warning: "xparse/redefine-command"
* 
* Redefining document command \oldstylenums with arg. spec. 'm' on line 107.
*************************************************
.................................................
. LaTeX info: "xparse/define-command"
. 
. Defining document command \liningnums with arg. spec. 'm' on line 111.
.................................................
) ("D:\Program Files\CTEX\MiKTeX\tex\latex\fontspec\fontspec-xetex.sty"
Package: fontspec-xetex 2011/09/18 v2.2a Advanced font selection for XeLaTeX/Lu
aLaTeX

("D:\Program Files\CTEX\MiKTeX\tex\latex\base\fontenc.sty"
Package: fontenc 2005/09/27 v1.99g Standard LaTeX package

("D:\Program Files\CTEX\MiKTeX\tex\latex\euenc\eu1enc.def"
File: eu1enc.def 2010/05/27 v0.1h Experimental Unicode font encodings
)
LaTeX Font Info:    Try loading font information for EU1+lmr on input line 100.


("D:\Program Files\CTEX\MiKTeX\tex\latex\euenc\eu1lmr.fd"
File: eu1lmr.fd 2009/10/30 v1.6 Font defs for Latin Modern
)
Requested font "[lmroman10-regular]:mapping=tex-text" at 10.0pt
 -> D:/Program Files/CTEX/MiKTeX/fonts/opentype/public/lm/lmroman10-regular.otf
)
("D:\Program Files\CTEX\MiKTeX\tex\xelatex\xunicode\xunicode.sty"
File: xunicode.sty 2011/09/09 v0.981 provides access to latin accents and many 
other characters in Unicode lower plane

("D:\Program Files\CTEX\MiKTeX\tex\latex\tipa\t3enc.def"
File: t3enc.def 2001/12/31 T3 encoding
Requested font "[lmromanslant10-regular]:mapping=tex-text" at 10.0pt
 -> D:/Program Files/CTEX/MiKTeX/fonts/opentype/public/lm/lmromanslant10-regula
r.otf
Requested font "[lmroman10-italic]:mapping=tex-text" at 10.0pt
 -> D:/Program Files/CTEX/MiKTeX/fonts/opentype/public/lm/lmroman10-italic.otf
Requested font "[lmroman10-bold]:mapping=tex-text" at 10.0pt
 -> D:/Program Files/CTEX/MiKTeX/fonts/opentype/public/lm/lmroman10-bold.otf
LaTeX Font Info:    Try loading font information for EU1+lmss on input line 357
.

("D:\Program Files\CTEX\MiKTeX\tex\latex\euenc\eu1lmss.fd"
File: eu1lmss.fd 2009/10/30 v1.6 Font defs for Latin Modern
)
Requested font "[lmsans10-regular]:mapping=tex-text" at 10.0pt
 -> D:/Program Files/CTEX/MiKTeX/fonts/opentype/public/lm/lmsans10-regular.otf
)
\tipaTiiicode=\count157
\tipasavetokens=\toks14
\tipachecktokens=\toks15

("D:\Program Files\CTEX\MiKTeX\tex\latex\graphics\graphicx.sty"
Package: graphicx 1999/02/16 v1.0f Enhanced LaTeX Graphics (DPC,SPQR)

("D:\Program Files\CTEX\MiKTeX\tex\latex\graphics\keyval.sty"
Package: keyval 1999/03/16 v1.13 key=value parser (DPC)
\KV@toks@=\toks16
)
\Gin@req@height=\dimen140
\Gin@req@width=\dimen141
))
.................................................
. LaTeX info: "xparse/define-command"
. 
. Defining document command \fontspec with arg. spec. 'O{}m' on line 39.
.................................................
.................................................
. LaTeX info: "xparse/define-command"
. 
. Defining document command \setmainfont with arg. spec. 'O{}m' on line 43.
.................................................
.................................................
. LaTeX info: "xparse/define-command"
. 
. Defining document command \setsansfont with arg. spec. 'O{}m' on line 47.
.................................................
.................................................
. LaTeX info: "xparse/define-command"
. 
. Defining document command \setmonofont with arg. spec. 'O{}m' on line 51.
.................................................
.................................................
. LaTeX info: "xparse/define-command"
. 
. Defining document command \setmathrm with arg. spec. 'O{}m' on line 59.
.................................................
.................................................
. LaTeX info: "xparse/define-command"
. 
. Defining document command \setboldmathrm with arg. spec. 'O{}m' on line 62.
.................................................
.................................................
. LaTeX info: "xparse/define-command"
. 
. Defining document command \setmathsf with arg. spec. 'O{}m' on line 65.
.................................................
.................................................
. LaTeX info: "xparse/define-command"
. 
. Defining document command \setmathtt with arg. spec. 'O{}m' on line 68.
.................................................
.................................................
. LaTeX info: "xparse/define-command"
. 
. Defining document command \newfontfamily with arg. spec. 'mO{}m' on line 84.
.................................................
.................................................
. LaTeX info: "xparse/define-command"
. 
. Defining document command \newfontface with arg. spec. 'mO{}m' on line 87.
.................................................
.................................................
. LaTeX info: "xparse/define-command"
. 
. Defining document command \defaultfontfeatures with arg. spec. 'm' on line
. 91.
.................................................
.................................................
. LaTeX info: "xparse/define-command"
. 
. Defining document command \addfontfeatures with arg. spec. 'm' on line 107.
.................................................
.................................................
. LaTeX info: "xparse/define-command"
. 
. Defining document command \newfontfeature with arg. spec. 'mm' on line 118.
.................................................
.................................................
. LaTeX info: "xparse/define-command"
. 
. Defining document command \newAATfeature with arg. spec. 'mmmm' on line 125.
.................................................
.................................................
. LaTeX info: "xparse/define-command"
. 
. Defining document command \newICUfeature with arg. spec. 'mmm' on line 132.
.................................................
.................................................
. LaTeX info: "xparse/define-command"
. 
. Defining document command \aliasfontfeature with arg. spec. 'mm' on line
. 159.
.................................................
.................................................
. LaTeX info: "xparse/define-command"
. 
. Defining document command \aliasfontfeatureoption with arg. spec. 'mmm' on
. line 164.
.................................................
.................................................
. LaTeX info: "xparse/define-command"
. 
. Defining document command \newfontscript with arg. spec. 'mm' on line 169.
.................................................
.................................................
. LaTeX info: "xparse/define-command"
. 
. Defining document command \newfontlanguage with arg. spec. 'mm' on line 192.
.................................................
.................................................
. LaTeX info: "xparse/define-command"
. 
. Defining document command \DeclareFontsExtensions with arg. spec. 'm' on
. line 211.
.................................................
Variant \prop_gput:cnV already defined; not changing it on line 485
Variant \prop_gput:cnx already defined; not changing it on line 486
Variant \keys_set:nx already defined; not changing it on line 963
\c@fontspec_tmp_int=\count158
LaTeX Info: Redefining \itshape on input line 1881.
LaTeX Info: Redefining \slshape on input line 1885.
LaTeX Info: Redefining \scshape on input line 1889.
LaTeX Info: Redefining \upshape on input line 1893.

("D:\Program Files\CTEX\MiKTeX\tex\latex\fontspec\fontspec.cfg")))
Requested font "Times New Roman" at 10.0pt
 -> C:/WINDOWS/Fonts/times.ttf
Requested font "Times New Roman/ICU" at 10.0pt
 -> C:/WINDOWS/Fonts/times.ttf
\g_fontspec_family_Times New Roman_int=\count159
Requested font "Times New Roman/B/ICU" at 10.0pt
 -> C:/WINDOWS/Fonts/timesbd.ttf
Requested font "Times New Roman/B/B/ICU" at 10.0pt
 -> C:/WINDOWS/Fonts/timesbd.ttf
Requested font "Times New Roman/I/ICU" at 10.0pt
 -> C:/WINDOWS/Fonts/timesi.ttf
Requested font "Times New Roman/I/I/ICU" at 10.0pt
 -> C:/WINDOWS/Fonts/timesi.ttf
Requested font "Times New Roman/BI/ICU" at 10.0pt
 -> C:/WINDOWS/Fonts/timesbi.ttf
Requested font "Times New Roman/BI/BI/ICU" at 10.0pt
 -> C:/WINDOWS/Fonts/timesbi.ttf
.................................................
. fontspec info: "defining-font"
. 
. Font family 'TimesNewRoman(0)' created for font 'Times New Roman' with
. options [].
. 
. This font family consists of the following shapes:
. 
. * 'normal' with NFSS spec.:
. <->"Times New Roman/ICU:script=latn;language=DFLT;"
. 
. * 'small caps' with NFSS spec.:
. <->"Times New Roman/ICU:script=latn;language=DFLT;+smcp;"
. 
. * 'bold' with NFSS spec.:
. <->"Times New Roman/B/ICU:script=latn;language=DFLT;"
. 
. * 'bold small caps' with NFSS spec.:
. <->"Times New Roman/B/ICU:script=latn;language=DFLT;+smcp;"
. 
. * 'italic' with NFSS spec.:
. <->"Times New Roman/I/ICU:script=latn;language=DFLT;"
. 
. * 'italic small caps' with NFSS spec.:
. <->"Times New Roman/I/ICU:script=latn;language=DFLT;+smcp;"
. 
. * 'bold italic' with NFSS spec.:
. <->"Times New Roman/BI/ICU:script=latn;language=DFLT;"
. 
. * 'bold italic small caps' with NFSS spec.:
. <->"Times New Roman/BI/ICU:script=latn;language=DFLT;+smcp;"
.................................................
Requested font "Times New Roman/ICU:script=latn;language=DFLT;" at 10.0pt
 -> C:/WINDOWS/Fonts/times.ttf

Document Class: WHUMaster 2016/04/15 4.1 Wuhan University Thesis Template for M
aster Candidate
("D:\Program Files\CTEX\MiKTeX\tex\latex\ctex\ctexbook.cls"
Document Class: ctexbook 2011/03/11 v1.02c ctexbook document class
("D:\Program Files\CTEX\MiKTeX\tex\latex\ctex\opt\ctex-common-opts.def")
("D:\Program Files\CTEX\MiKTeX\tex\latex\ctex\opt\ctex-caption-opts.def"
\c@CTEX@sectiondepth=\count160
)
("D:\Program Files\CTEX\MiKTeX\tex\latex\ctex\opt\ctex-class-opts.def")
("D:\Program Files\CTEX\CTeX\tex\latex\ctex\cfg\ctexopts.cfg")
("D:\Program Files\CTEX\MiKTeX\tex\latex\ctex\def\ctex-loadclass.def"
("D:\Program Files\CTEX\MiKTeX\tex\latex\base\book.cls"
Document Class: book 2007/10/19 v1.4h Standard LaTeX document class
("D:\Program Files\CTEX\MiKTeX\tex\latex\base\bk10.clo"
File: bk10.clo 2007/10/19 v1.4h Standard LaTeX file (size option)
)
\c@part=\count161
\c@chapter=\count162
\c@section=\count163
\c@subsection=\count164
\c@subsubsection=\count165
\c@paragraph=\count166
\c@subparagraph=\count167
\c@figure=\count168
\c@table=\count169
\abovecaptionskip=\skip47
\belowcaptionskip=\skip48
\bibindent=\dimen142
))
("D:\Program Files\CTEX\MiKTeX\tex\latex\ctex\def\ctex-common.def"
("D:\Program Files\CTEX\MiKTeX\tex\latex\etoolbox\etoolbox.sty"
Package: etoolbox 2011/01/03 v2.1 e-TeX tools for LaTeX
\etb@tempcnta=\count170
)
("D:\Program Files\CTEX\MiKTeX\tex\generic\oberdiek\ifpdf.sty"
Package: ifpdf 2011/01/30 v2.3 Provides the ifpdf switch (HO)
Package ifpdf Info: pdfTeX in PDF mode is not detected.
)
("D:\Program Files\CTEX\MiKTeX\tex\generic\ifxetex\ifxetex.sty"
Package: ifxetex 2010/09/12 v0.6 Provides ifxetex conditional
)
("D:\Program Files\CTEX\MiKTeX\tex\latex\tools\indentfirst.sty"
Package: indentfirst 1995/11/23 v1.03 Indent first paragraph (DPC)
)
("D:\Program Files\CTEX\MiKTeX\tex\latex\base\fix-cm.sty"
Package: fix-cm 2006/09/13 v1.1m fixes to LaTeX

("D:\Program Files\CTEX\MiKTeX\tex\latex\base\ts1enc.def"
File: ts1enc.def 2001/06/05 v3.0e (jk/car/fm) Standard LaTeX file
))
("D:\Program Files\CTEX\MiKTeX\tex\latex\ctex\engine\ctex-xecjk-engine.def"
("D:\Program Files\CTEX\MiKTeX\tex\latex\savesym\savesym.sty"

LaTeX Warning: You have requested package `savesym',
               but the package provides `savesymbol'.

Package: savesymbol 2003/06/01 v1.1 Saves and restores symbols
) ("D:\Program Files\CTEX\MiKTeX\tex\xelatex\xecjk\xeCJK.sty"
Package: xeCJK 2012/01/31 2.4.5 package for typesetting CJK scripts with XeLaTe
X

("D:\Program Files\CTEX\MiKTeX\tex\latex\xkeyval\xkeyval.sty"
Package: xkeyval 2008/08/13 v2.6a package option processing (HA)

("D:\Program Files\CTEX\MiKTeX\tex\generic\xkeyval\xkeyval.tex"
\XKV@toks=\toks17
\XKV@tempa@toks=\toks18
\XKV@depth=\count171
File: xkeyval.tex 2008/08/13 v2.6a key=value parser (HA)
))
\xeCJK@cnta=\count172
\xeCJK@cntb=\count173
\xeCJK@cntc=\count174
\xeCJK@cntd=\count175
\xeCJK@cnte=\count176
\xeCJK@dima=\dimen143
LaTeX Info: Redefining \normalfont on input line 886.
LaTeX Info: Redefining \rmfamily on input line 895.
LaTeX Info: Redefining \sffamily on input line 899.
LaTeX Info: Redefining \ttfamily on input line 903.
\xeCJK@featureadded=\count177
\g_xecjk_exspace_dim=\dimen144
)
("D:\Program Files\CTEX\MiKTeX\tex\latex\ctex\engine\ctex-cjk-common.def"
\ccwd=\dimen145
)
("D:\Program Files\CTEX\MiKTeX\tex\latex\ctex\fontset\ctex-xecjk-winfonts.def")
)
\CTEX@q=\count178
\CTEX@r=\count179
) ("D:\Program Files\CTEX\MiKTeX\tex\latex\ctex\def\ctex-caption.def")
("D:\Program Files\CTEX\MiKTeX\tex\latex\ctex\def\ctex-class.def"
Requested font "Times New Roman/ICU:script=latn;language=DFLT;" at 10.54pt
 -> C:/WINDOWS/Fonts/times.ttf
)
("D:\Program Files\CTEX\MiKTeX\tex\latex\ctex\def\ctex-book.def"))
("D:\Program Files\CTEX\MiKTeX\tex\latex\ctex\def\ctex-utf8.def")
("D:\Program Files\CTEX\MiKTeX\tex\latex\ctex\cfg\ctexcap.cfg"
("D:\Program Files\CTEX\MiKTeX\tex\latex\ctex\cfg\ctexcap-utf8.cfg"))
("D:\Program Files\CTEX\MiKTeX\tex\latex\ctex\cfg\ctex.cfg")
("D:\Program Files\CTEX\MiKTeX\tex\latex\fancyhdr\fancyhdr.sty"
\fancy@headwidth=\skip49
\f@ncyO@elh=\skip50
\f@ncyO@erh=\skip51
\f@ncyO@olh=\skip52
\f@ncyO@orh=\skip53
\f@ncyO@elf=\skip54
\f@ncyO@erf=\skip55
\f@ncyO@olf=\skip56
\f@ncyO@orf=\skip57
)
("D:\Program Files\CTEX\MiKTeX\tex\latex\hyperref\hyperref.sty"
Package: hyperref 2012/02/06 v6.82o Hypertext links for LaTeX

("D:\Program Files\CTEX\MiKTeX\tex\generic\oberdiek\hobsub-hyperref.sty"
Package: hobsub-hyperref 2011/04/23 v1.4 Bundle oberdiek, subset hyperref (HO)

("D:\Program Files\CTEX\MiKTeX\tex\generic\oberdiek\hobsub-generic.sty"
Package: hobsub-generic 2011/04/23 v1.4 Bundle oberdiek, subset generic (HO)
Package: hobsub 2011/04/23 v1.4 Subsetting bundle oberdiek (HO)
Package: infwarerr 2010/04/08 v1.3 Providing info/warning/message (HO)
Package: ltxcmds 2011/04/18 v1.20 LaTeX kernel commands for general use (HO)
Package: ifluatex 2010/03/01 v1.3 Provides the ifluatex switch (HO)
Package ifluatex Info: LuaTeX not detected.
Package: ifvtex 2010/03/01 v1.5 Switches for detecting VTeX and its modes (HO)
Package ifvtex Info: VTeX not detected.
Package: intcalc 2007/09/27 v1.1 Expandable integer calculations (HO)
Package hobsub Info: Skipping package `ifpdf' (already loaded).
Package: etexcmds 2011/02/16 v1.5 Prefix for e-TeX command names (HO)
Package etexcmds Info: Could not find \expanded.
(etexcmds)             That can mean that you are not using pdfTeX 1.50 or
(etexcmds)             that some package has redefined \expanded.
(etexcmds)             In the latter case, load this package earlier.
Package: kvsetkeys 2011/04/07 v1.13 Key value parser (HO)
Package: kvdefinekeys 2011/04/07 v1.3 Defining keys (HO)
Package: pdftexcmds 2011/04/22 v0.16 Utilities of pdfTeX for LuaTeX (HO)
Package pdftexcmds Info: LuaTeX not detected.
Package pdftexcmds Info: pdfTeX >= 1.30 not detected.
Package pdftexcmds Info: \pdf@primitive is available.
Package pdftexcmds Info: \pdf@ifprimitive is available.
Package pdftexcmds Info: \pdfdraftmode not found.
Package: pdfescape 2011/04/04 v1.12 Provides string conversions (HO)
Package: bigintcalc 2011/01/30 v1.2 Expandable big integer calculations (HO)
Package: bitset 2011/01/30 v1.1 Data type bit set (HO)
Package: uniquecounter 2011/01/30 v1.2 Provides unlimited unique counter (HO)
)
Package hobsub Info: Skipping package `hobsub' (already loaded).
Package: letltxmacro 2010/09/02 v1.4 Let assignment for LaTeX macros (HO)
Package: hopatch 2011/01/30 v1.0 Wrapper for package hooks (HO)
Package: xcolor-patch 2011/01/30 xcolor patch
Package: atveryend 2011/04/23 v1.7 Hooks at very end of document (HO)
Package: atbegshi 2011/01/30 v1.15 At begin shipout hook (HO)
Package: refcount 2010/12/01 v3.2 Data extraction from references (HO)
Package: hycolor 2011/01/30 v1.7 Color options of hyperref/bookmark (HO)
)
("D:\Program Files\CTEX\MiKTeX\tex\latex\oberdiek\kvoptions.sty"
Package: kvoptions 2010/12/23 v3.10 Keyval support for LaTeX options (HO)
)
\@linkdim=\dimen146
\Hy@linkcounter=\count180
\Hy@pagecounter=\count181

("D:\Program Files\CTEX\MiKTeX\tex\latex\hyperref\pd1enc.def"
File: pd1enc.def 2012/02/06 v6.82o Hyperref: PDFDocEncoding definition (HO)
)
\Hy@SavedSpaceFactor=\count182

("D:\Program Files\CTEX\MiKTeX\tex\latex\00miktex\hyperref.cfg"
File: hyperref.cfg 2002/06/06 v1.2 hyperref configuration of TeXLive
)
Package hyperref Info: Hyper figures OFF on input line 4046.
Package hyperref Info: Link nesting OFF on input line 4051.
Package hyperref Info: Hyper index ON on input line 4054.
Package hyperref Info: Plain pages OFF on input line 4061.
Package hyperref Info: Backreferencing OFF on input line 4066.
Package hyperref Info: Implicit mode ON; LaTeX internals redefined.
Package hyperref Info: Bookmarks ON on input line 4284.
\c@Hy@tempcnt=\count183

("D:\Program Files\CTEX\MiKTeX\tex\xelatex\xetexurl\url.sty"
\Urlmuskip=\muskip10
Package: url 2004/03/15  ver 3.1  Verb mode for urls, etc.
)
LaTeX Info: Redefining \url on input line 4637.
\Fld@menulength=\count184
\Field@Width=\dimen147
\Fld@charsize=\dimen148
Package hyperref Info: Hyper figures OFF on input line 5757.
Package hyperref Info: Link nesting OFF on input line 5762.
Package hyperref Info: Hyper index ON on input line 5765.
Package hyperref Info: backreferencing OFF on input line 5772.
Package hyperref Info: Link coloring OFF on input line 5777.
Package hyperref Info: Link coloring with OCG OFF on input line 5782.
Package hyperref Info: PDF/A mode OFF on input line 5787.
LaTeX Info: Redefining \ref on input line 5827.
LaTeX Info: Redefining \pageref on input line 5831.
\Hy@abspage=\count185
\c@Item=\count186
\c@Hfootnote=\count187
)

Package hyperref Message: Driver (autodetected): hxetex.

("D:\Program Files\CTEX\MiKTeX\tex\latex\hyperref\hxetex.def"
File: hxetex.def 2012/02/06 v6.82o Hyperref driver for XeTeX

("D:\Program Files\CTEX\MiKTeX\tex\latex\hyperref\puenc.def"
File: puenc.def 2012/02/06 v6.82o Hyperref: PDF Unicode definition (HO)
)
("D:\Program Files\CTEX\MiKTeX\tex\generic\oberdiek\stringenc.sty"
Package: stringenc 2010/03/01 v1.8 Converts strings between encodings (HO)
)
\pdfm@box=\box35
\c@Hy@AnnotLevel=\count188
\HyField@AnnotCount=\count189
\Fld@listcount=\count190
\c@bookmark@seq@number=\count191

("D:\Program Files\CTEX\MiKTeX\tex\latex\oberdiek\rerunfilecheck.sty"
Package: rerunfilecheck 2011/04/15 v1.7 Rerun checks for auxiliary files (HO)
Package rerunfilecheck Info: Feature \pdfmdfivesum is not available
(rerunfilecheck)             (e.g. pdfTeX or LuaTeX with package `pdftexcmds').

(rerunfilecheck)             Therefore file contents cannot be checked efficien
tly
(rerunfilecheck)             and the loading of the package is aborted.
)
\Hy@SectionHShift=\skip58
)
("D:\Program Files\CTEX\MiKTeX\tex\latex\geometry\geometry.sty"
Package: geometry 2010/09/12 v5.6 Page Geometry
\Gm@cnth=\count192
\Gm@cntv=\count193
\c@Gm@tempcnt=\count194
\Gm@bindingoffset=\dimen149
\Gm@wd@mp=\dimen150
\Gm@odd@mp=\dimen151
\Gm@even@mp=\dimen152
\Gm@layoutwidth=\dimen153
\Gm@layoutheight=\dimen154
\Gm@layouthoffset=\dimen155
\Gm@layoutvoffset=\dimen156
\Gm@dimlist=\toks19

("D:\Program Files\CTEX\MiKTeX\tex\xelatex\xetexconfig\geometry.cfg"))
\fenleihao=\toks20
\bianhao=\toks21
\UDC=\toks22
\miji=\toks23
\Cmajor=\toks24
\Emajor=\toks25
\Especiality=\toks26
\Cspeciality=\toks27
\Edate=\toks28
\Etitle=\toks29
\Eauthor=\toks30
\Esupervisor=\toks31
\Csupervisor=\toks32
\Schoolname=\toks33
\StudentNumber=\toks34

("D:\Program Files\CTEX\MiKTeX\tex\latex\ams\math\amsmath.sty"
Package: amsmath 2000/07/18 v2.13 AMS math features
\@mathmargin=\skip59

For additional information on amsmath, use the `?' option.
("D:\Program Files\CTEX\MiKTeX\tex\latex\ams\math\amstext.sty"
Package: amstext 2000/06/29 v2.01

("D:\Program Files\CTEX\MiKTeX\tex\latex\ams\math\amsgen.sty"
File: amsgen.sty 1999/11/30 v2.0
\@emptytoks=\toks35
\ex@=\dimen157
))
("D:\Program Files\CTEX\MiKTeX\tex\latex\ams\math\amsbsy.sty"
Package: amsbsy 1999/11/29 v1.2d
\pmbraise@=\dimen158
)
("D:\Program Files\CTEX\MiKTeX\tex\latex\ams\math\amsopn.sty"
Package: amsopn 1999/12/14 v2.01 operator names
)
\inf@bad=\count195
LaTeX Info: Redefining \frac on input line 211.
\uproot@=\count196
\leftroot@=\count197
LaTeX Info: Redefining \overline on input line 307.
\classnum@=\count198
\DOTSCASE@=\count199
LaTeX Info: Redefining \ldots on input line 379.
LaTeX Info: Redefining \dots on input line 382.
LaTeX Info: Redefining \cdots on input line 467.
\Mathstrutbox@=\box36
\strutbox@=\box37
\big@size=\dimen159
LaTeX Font Info:    Redeclaring font encoding OML on input line 567.
LaTeX Font Info:    Redeclaring font encoding OMS on input line 568.
\macc@depth=\count200
\c@MaxMatrixCols=\count201
\dotsspace@=\muskip11
Normal \count register pool exhausted, switching to extended pool.
\c@parentequation=\count277
\dspbrk@lvl=\count278
\tag@help=\toks36
\row@=\count279
\column@=\count280
\maxfields@=\count281
\andhelp@=\toks37
\eqnshift@=\dimen160
\alignsep@=\dimen161
\tagshift@=\dimen162
\tagwidth@=\dimen163
\totwidth@=\dimen164
\lineht@=\dimen165
\@envbody=\toks38
\multlinegap=\skip60
\multlinetaggap=\skip61
\mathdisplay@stack=\toks39
LaTeX Info: Redefining \[ on input line 2666.
LaTeX Info: Redefining \] on input line 2667.
)
("D:\Program Files\CTEX\MiKTeX\tex\latex\amsfonts\amssymb.sty"
Package: amssymb 2009/06/22 v3.00

("D:\Program Files\CTEX\MiKTeX\tex\latex\amsfonts\amsfonts.sty"
Package: amsfonts 2009/06/22 v3.00 Basic AMSFonts support
\symAMSa=\mathgroup4
\symAMSb=\mathgroup5
LaTeX Font Info:    Overwriting math alphabet `\mathfrak' in version `bold'
(Font)                  U/euf/m/n --> U/euf/b/n on input line 96.
))
("D:\Program Files\CTEX\MiKTeX\tex\latex\ntheorem\ntheorem.sty"
Style `ntheorem', Version 1.31 <2011/02/16>
Package: ntheorem 2011/02/16 1.31
("D:\Program Files\CTEX\MiKTeX\tex\latex\base\ifthen.sty"
Package: ifthen 2001/05/26 v1.1c Standard LaTeX ifthen package (DPC)
)
\theorem@style=\toks40
\theorem@@style=\toks41
\theorembodyfont=\toks42
\theoremnumbering=\toks43
\theorempreskipamount=\skip62
\theorempostskipamount=\skip63
\theoremframepreskipamount=\skip64
\theoremframepostskipamount=\skip65
\theoremindent=\dimen166
\theorem@indent=\dimen167
\theoremheaderfont=\toks44
\theoremseparator=\toks45
\theoremprework=\toks46
\theorempostwork=\toks47
\theoremsymbol=\toks48
\qedsymbol=\toks49
\theoremkeyword=\toks50
\qedsymbol=\toks51
\thm@topsepadd=\skip66
Package ntheorem Info: Option `thmmarks' loaded on input line 1066.
\c@endNonectr=\count282
\c@currNonectr=\count283
\mysavskip=\skip67
Package ntheorem Info: option `amsmath' handling for `thmmarks' loaded on input
 line 1066.
\thm@amstmpdepth=\dimen168
\tagwidth=\dimen169
)
("D:\Program Files\CTEX\MiKTeX\tex\latex\xcolor\xcolor.sty"
Package: xcolor 2007/01/21 v2.11 LaTeX color extensions (UK)

("D:\Program Files\CTEX\MiKTeX\tex\latex\00miktex\color.cfg"
File: color.cfg 2007/01/18 v1.5 color configuration of teTeX/TeXLive
)
Package xcolor Info: Driver file: xetex.def on input line 225.
LaTeX Info: Redefining \color on input line 702.
Package xcolor Info: Model `cmy' substituted by `cmy0' on input line 1337.
Package xcolor Info: Model `RGB' extended on input line 1353.
Package xcolor Info: Model `HTML' substituted by `rgb' on input line 1355.
Package xcolor Info: Model `Hsb' substituted by `hsb' on input line 1356.
Package xcolor Info: Model `tHsb' substituted by `hsb' on input line 1357.
Package xcolor Info: Model `HSB' substituted by `hsb' on input line 1358.
Package xcolor Info: Model `Gray' substituted by `gray' on input line 1359.
Package xcolor Info: Model `wave' substituted by `hsb' on input line 1360.
)
("D:\Program Files\CTEX\MiKTeX\tex\latex\cite\cite.sty"
LaTeX Info: Redefining \cite on input line 302.
LaTeX Info: Redefining \nocite on input line 373.
Package: cite 2010/09/10  v 5.3
)
("D:\Program Files\CTEX\MiKTeX\tex\latex\tools\enumerate.sty"
Package: enumerate 1999/03/05 v3.00 enumerate extensions (DPC)
\@enLab=\toks52
)
\c@currtheoremctr=\count284
\c@endtheoremctr=\count285
\c@theorem=\count286
\c@currdefinitionctr=\count287
\c@enddefinitionctr=\count288
\c@definition=\count289
\c@currlemmactr=\count290
\c@endlemmactr=\count291
\c@lemma=\count292
\c@currcorollaryctr=\count293
\c@endcorollaryctr=\count294
\c@corollary=\count295
\c@currpropositionctr=\count296
\c@endpropositionctr=\count297
\c@proposition=\count298
\c@currexamplectr=\count299
\c@endexamplectr=\count300
\c@example=\count301
\c@currremarkctr=\count302
\c@endremarkctr=\count303
\c@remark=\count304
\c@currproofctr=\count305
\c@endproofctr=\count306
\c@proof=\count307

("D:\Program Files\CTEX\MiKTeX\tex\latex\caption\caption.sty"
Package: caption 2011/11/10 v3.2e Customizing captions (AR)

("D:\Program Files\CTEX\MiKTeX\tex\latex\caption\caption3.sty"
Package: caption3 2011/11/01 v1.4a caption3 kernel (AR)
\captionmargin=\dimen170
\captionmargin@=\dimen171
\captionwidth=\dimen172
\caption@indent=\dimen173
\caption@parindent=\dimen174
\caption@hangindent=\dimen175
Package caption Info: Unknown document class (or package),
(caption)             standard defaults will be used.
)

Package caption Warning: Unsupported document class (or package) detected,
(caption)                usage of the caption package is not recommended.
See the caption package documentation for explanation.

Package caption Info: \@makecaption = \long macro:#1#2->\vskip \abovecaptionski
p \sbox \@tempboxa {#1\CTEX@caption@delimiter #2}\ifdim \wd \@tempboxa >\hsize 
#1\CTEX@caption@delimiter #2\par \else \global \@minipagefalse \hb@xt@ \hsize {
\hfil \box \@tempboxa \hfil }\fi \vskip \belowcaptionskip .
\c@ContinuedFloat=\count308
Package caption Info: hyperref package is loaded.
)) (E:\Software\WHU-Thesis-LaTeX\MasterTemplate.aux
(E:\Software\WHU-Thesis-LaTeX\includefile/midmatter.aux)
(E:\Software\WHU-Thesis-LaTeX\includefile/backmatter.aux))
LaTeX Font Info:    Checking defaults for OML/cmm/m/it on input line 9.
LaTeX Font Info:    ... okay on input line 9.
LaTeX Font Info:    Checking defaults for T1/cmr/m/n on input line 9.
LaTeX Font Info:    ... okay on input line 9.
LaTeX Font Info:    Checking defaults for OT1/cmr/m/n on input line 9.
LaTeX Font Info:    ... okay on input line 9.
LaTeX Font Info:    Checking defaults for OMS/cmsy/m/n on input line 9.
LaTeX Font Info:    ... okay on input line 9.
LaTeX Font Info:    Checking defaults for OMX/cmex/m/n on input line 9.
LaTeX Font Info:    ... okay on input line 9.
LaTeX Font Info:    Checking defaults for U/cmr/m/n on input line 9.
LaTeX Font Info:    ... okay on input line 9.
LaTeX Font Info:    Checking defaults for EU1/lmr/m/n on input line 9.
LaTeX Font Info:    ... okay on input line 9.
LaTeX Font Info:    Checking defaults for T3/cmr/m/n on input line 9.
LaTeX Font Info:    Try loading font information for T3+cmr on input line 9.

("D:\Program Files\CTEX\MiKTeX\tex\latex\tipa\t3cmr.fd"
File: t3cmr.fd 2001/12/31 TIPA font definitions
)
LaTeX Font Info:    ... okay on input line 9.
LaTeX Font Info:    Checking defaults for TS1/cmr/m/n on input line 9.
LaTeX Font Info:    ... okay on input line 9.
LaTeX Font Info:    Checking defaults for PD1/pdf/m/n on input line 9.
LaTeX Font Info:    ... okay on input line 9.
LaTeX Font Info:    Checking defaults for PU/pdf/m/n on input line 9.
LaTeX Font Info:    ... okay on input line 9.
.................................................
. fontspec info: "setup-math"
. 
. Adjusting the maths setup (use [no-math] to avoid this).
.................................................
\symlegacymaths=\mathgroup6
LaTeX Font Info:    Overwriting symbol font `legacymaths' in version `bold'
(Font)                  OT1/cmr/m/n --> OT1/cmr/bx/n on input line 9.
LaTeX Font Info:    Redeclaring math accent \acute on input line 9.
LaTeX Font Info:    Redeclaring math accent \grave on input line 9.
LaTeX Font Info:    Redeclaring math accent \ddot on input line 9.
LaTeX Font Info:    Redeclaring math accent \tilde on input line 9.
LaTeX Font Info:    Redeclaring math accent \bar on input line 9.
LaTeX Font Info:    Redeclaring math accent \breve on input line 9.
LaTeX Font Info:    Redeclaring math accent \check on input line 9.
LaTeX Font Info:    Redeclaring math accent \hat on input line 9.
LaTeX Font Info:    Redeclaring math accent \dot on input line 9.
LaTeX Font Info:    Redeclaring math accent \mathring on input line 9.
LaTeX Font Info:    Redeclaring math symbol \Gamma on input line 9.
LaTeX Font Info:    Redeclaring math symbol \Delta on input line 9.
LaTeX Font Info:    Redeclaring math symbol \Theta on input line 9.
LaTeX Font Info:    Redeclaring math symbol \Lambda on input line 9.
LaTeX Font Info:    Redeclaring math symbol \Xi on input line 9.
LaTeX Font Info:    Redeclaring math symbol \Pi on input line 9.
LaTeX Font Info:    Redeclaring math symbol \Sigma on input line 9.
LaTeX Font Info:    Redeclaring math symbol \Upsilon on input line 9.
LaTeX Font Info:    Redeclaring math symbol \Phi on input line 9.
LaTeX Font Info:    Redeclaring math symbol \Psi on input line 9.
LaTeX Font Info:    Redeclaring math symbol \Omega on input line 9.
LaTeX Font Info:    Redeclaring math symbol \mathdollar on input line 9.
LaTeX Font Info:    Redeclaring symbol font `operators' on input line 9.
LaTeX Font Info:    Encoding `OT1' has changed to `EU1' for symbol font
(Font)              `operators' in the math version `normal' on input line 9.
LaTeX Font Info:    Overwriting symbol font `operators' in version `normal'
(Font)                  OT1/cmr/m/n --> EU1/TimesNewRoman(0)/m/n on input line 
9.
LaTeX Font Info:    Encoding `OT1' has changed to `EU1' for symbol font
(Font)              `operators' in the math version `bold' on input line 9.
LaTeX Font Info:    Overwriting symbol font `operators' in version `bold'
(Font)                  OT1/cmr/bx/n --> EU1/TimesNewRoman(0)/m/n on input line
 9.
LaTeX Font Info:    Overwriting symbol font `operators' in version `normal'
(Font)                  EU1/TimesNewRoman(0)/m/n --> EU1/TimesNewRoman(0)/m/n o
n input line 9.
LaTeX Font Info:    Overwriting math alphabet `\mathrm' in version `normal'
(Font)                  EU1/TimesNewRoman(0)/m/n --> EU1/TimesNewRoman(0)/m/n o
n input line 9.
LaTeX Font Info:    Overwriting math alphabet `\mathit' in version `normal'
(Font)                  OT1/cmr/m/it --> EU1/TimesNewRoman(0)/m/it on input lin
e 9.
LaTeX Font Info:    Overwriting math alphabet `\mathbf' in version `normal'
(Font)                  OT1/cmr/bx/n --> EU1/TimesNewRoman(0)/bx/n on input lin
e 9.
LaTeX Font Info:    Overwriting math alphabet `\mathsf' in version `normal'
(Font)                  OT1/cmss/m/n --> EU1/lmss/m/n on input line 9.
LaTeX Font Info:    Overwriting math alphabet `\mathtt' in version `normal'
(Font)                  OT1/cmtt/m/n --> EU1/lmtt/m/n on input line 9.
LaTeX Font Info:    Overwriting symbol font `operators' in version `bold'
(Font)                  EU1/TimesNewRoman(0)/m/n --> EU1/TimesNewRoman(0)/bx/n 
on input line 9.
LaTeX Font Info:    Overwriting math alphabet `\mathrm' in version `bold'
(Font)                  EU1/TimesNewRoman(0)/m/n --> EU1/TimesNewRoman(0)/bx/n 
on input line 9.
LaTeX Font Info:    Overwriting math alphabet `\mathit' in version `bold'
(Font)                  OT1/cmr/bx/it --> EU1/TimesNewRoman(0)/bx/it on input l
ine 9.
LaTeX Font Info:    Overwriting math alphabet `\mathsf' in version `bold'
(Font)                  OT1/cmss/bx/n --> EU1/lmss/bx/n on input line 9.
LaTeX Font Info:    Overwriting math alphabet `\mathtt' in version `bold'
(Font)                  OT1/cmtt/m/n --> EU1/lmtt/bx/n on input line 9.
\AtBeginShipoutBox=\box38
Package hyperref Info: Link coloring OFF on input line 9.

("D:\Program Files\CTEX\MiKTeX\tex\latex\hyperref\nameref.sty"
Package: nameref 2010/04/30 v2.40 Cross-referencing by name of section

("D:\Program Files\CTEX\MiKTeX\tex\generic\oberdiek\gettitlestring.sty"
Package: gettitlestring 2010/12/03 v1.4 Cleanup title references (HO)
)
\c@section@level=\count309
)
LaTeX Info: Redefining \ref on input line 9.
LaTeX Info: Redefining \pageref on input line 9.
LaTeX Info: Redefining \nameref on input line 9.

(E:\Software\WHU-Thesis-LaTeX\MasterTemplate.out)
(E:\Software\WHU-Thesis-LaTeX\MasterTemplate.out)
\@outlinefile=\write3

*geometry* detected driver: xetex
*geometry* verbose mode - [ preamble ] result:
* driver: xetex
* paper: <default>
* layout: <same size as paper>
* layoutoffset:(h,v)=(0.0pt,0.0pt)
* modes: twoside 
* h-part:(L,W,R)=(79.6678pt, 446.70819pt, 71.13188pt)
* v-part:(T,H,B)=(85.35826pt, 677.17577pt, 82.51282pt)
* \paperwidth=597.50787pt
* \paperheight=845.04684pt
* \textwidth=446.70819pt
* \textheight=677.17577pt
* \oddsidemargin=7.39781pt
* \evensidemargin=-1.1381pt
* \topmargin=-16.97922pt
* \headheight=12.0pt
* \headsep=18.06749pt
* \topskip=10.0pt
* \footskip=25.29494pt
* \marginparwidth=115.0pt
* \marginparsep=7.0pt
* \columnsep=10.0pt
* \skip\footins=9.0pt plus 4.0pt minus 2.0pt
* \hoffset=0.0pt
* \voffset=0.0pt
* \mag=1000
* \@twocolumnfalse
* \@twosidetrue
* \@mparswitchtrue
* \@reversemarginfalse
* (1in=72.27pt=25.4mm, 1cm=28.453pt)

Package caption Info: Begin \AtBeginDocument code.
Package caption Info: End \AtBeginDocument code.
("D:\Program Files\CTEX\MiKTeX\tex\generic\oberdiek\se-ascii-print.def"
File: se-ascii-print.def 2010/03/01 v1.8 stringenc: Printable ASCII characters
)
[1

]

LaTeX Font Warning: Font shape `EU1/TimesNewRoman(0)/m/sl' undefined
(Font)              using `EU1/TimesNewRoman(0)/m/n' instead on input line 34.

[2

]
Requested font "Times New Roman/ICU:script=latn;language=DFLT;" at 26.1pt
 -> C:/WINDOWS/Fonts/times.ttf
Requested font "SimHei" at 26.1pt
 -> C:/WINDOWS/Fonts/simhei.ttf
Requested font "SimHei/ICU" at 26.1pt
 -> C:/WINDOWS/Fonts/simhei.ttf
\g_fontspec_family_SimHei_int=\count310
Requested font "SimHei/I/ICU" at 26.1pt
 -> C:/WINDOWS/Fonts/simhei.ttf
.................................................
. fontspec info: "no-font-shape"
. 
. Could not resolve font SimHei/I (it probably doesn't exist).
.................................................
Requested font "SimHei/I/ICU" at 26.1pt
 -> C:/WINDOWS/Fonts/simhei.ttf
.................................................
. fontspec info: "no-font-shape"
. 
. Could not resolve font SimHei/I (it probably doesn't exist).
.................................................
.................................................
. fontspec info: "defining-font"
. 
. Font family 'SimHei(0)' created for font 'SimHei' with options
. [Ligatures=TeX,BoldFont={SimHei},BoldFeatures={RawFeature={embolden=4}}].
. 
. This font family consists of the following shapes:
. 
. * 'normal' with NFSS spec.:
. <->"SimHei/ICU:script=latn;language=DFLT;mapping=tex-text;"
. 
. * 'bold' with NFSS spec.:
. <->"SimHei/ICU:script=latn;language=DFLT;mapping=tex-text;embolden=4;"
.................................................
Requested font "SimHei/ICU:script=latn;language=DFLT;mapping=tex-text;" at 26.1
pt
 -> C:/WINDOWS/Fonts/simhei.ttf
Requested font "Times New Roman/ICU:script=latn;language=DFLT;" at 18.07pt
 -> C:/WINDOWS/Fonts/times.ttf
Requested font "SimHei" at 18.07pt
 -> C:/WINDOWS/Fonts/simhei.ttf
Requested font "SimHei/ICU" at 18.07pt
 -> C:/WINDOWS/Fonts/simhei.ttf
.................................................
. fontspec info: "defining-font"
. 
. Font family 'SimHei(0)' created for font 'SimHei' with options
. [Ligatures=TeX,BoldFont={SimHei},BoldFeatures={RawFeature={embolden=4}}].
. 
. This font family consists of the following shapes:
.................................................
Requested font "SimHei/ICU:script=latn;language=DFLT;mapping=tex-text;" at 18.0
7pt
 -> C:/WINDOWS/Fonts/simhei.ttf
Requested font "Times New Roman/B/ICU:script=latn;language=DFLT;" at 18.07pt
 -> C:/WINDOWS/Fonts/timesbd.ttf
Requested font "Times New Roman/ICU:script=latn;language=DFLT;" at 14.05pt
 -> C:/WINDOWS/Fonts/times.ttf
Requested font "Times New Roman/ICU:script=latn;language=DFLT;" at 7.53pt
 -> C:/WINDOWS/Fonts/times.ttf
Requested font "cmmi12" at 14.05pt
 -> cmmi12
Requested font "cmmi10" at 10.54pt
 -> cmmi10
Requested font "cmmi7" at 7.53pt
 -> cmmi7
Requested font "cmsy10" at 14.05pt
 -> cmsy10
Requested font "cmsy10" at 10.54pt
 -> cmsy10
Requested font "cmsy7" at 7.53pt
 -> cmsy7
Requested font "cmex10" at 14.05pt
 -> cmex10
Requested font "cmex10" at 10.54pt
 -> cmex10
Requested font "cmex8" at 7.53pt
 -> cmex8
LaTeX Font Info:    Try loading font information for U+msa on input line 34.
 ("D:\Program Files\CTEX\MiKTeX\tex\latex\amsfonts\umsa.fd"
File: umsa.fd 2009/06/22 v3.00 AMS symbols A
)
Requested font "msam10" at 14.05pt
 -> msam10
Requested font "msam10" at 10.54pt
 -> msam10
Requested font "msam7" at 7.53pt
 -> msam7
LaTeX Font Info:    Try loading font information for U+msb on input line 34.

("D:\Program Files\CTEX\MiKTeX\tex\latex\amsfonts\umsb.fd"
File: umsb.fd 2009/06/22 v3.00 AMS symbols B
)
Requested font "msbm10" at 14.05pt
 -> msbm10
Requested font "msbm10" at 10.54pt
 -> msbm10
Requested font "msbm7" at 7.53pt
 -> msbm7
Requested font "cmr12" at 14.05pt
 -> cmr12
Requested font "cmr10" at 10.54pt
 -> cmr10
Requested font "cmr7" at 7.53pt
 -> cmr7
Requested font "SimHei" at 14.05pt
 -> C:/WINDOWS/Fonts/simhei.ttf
Requested font "SimHei/ICU" at 14.05pt
 -> C:/WINDOWS/Fonts/simhei.ttf
.................................................
. fontspec info: "defining-font"
. 
. Font family 'SimHei(0)' created for font 'SimHei' with options
. [Ligatures=TeX,BoldFont={SimHei},BoldFeatures={RawFeature={embolden=4}}].
. 
. This font family consists of the following shapes:
.................................................
Requested font "SimHei/ICU:script=latn;language=DFLT;mapping=tex-text;" at 14.0
5pt
 -> C:/WINDOWS/Fonts/simhei.ttf

Overfull \hbox (7.29596pt too wide) detected at line 34
\xeCJK@zhhei/m/n/14.05 参 赛 单 位\EU1/TimesNewRoman(0)/m/n/14.05 : 
 []


Overfull \hbox (7.29596pt too wide) detected at line 34
\xeCJK@zhhei/m/n/14.05 队 伍 名 称\EU1/TimesNewRoman(0)/m/n/14.05 : 
 []


Overfull \hbox (7.29596pt too wide) detected at line 34
\xeCJK@zhhei/m/n/14.05 指 导 老 师\EU1/TimesNewRoman(0)/m/n/14.05 : 
 []


Overfull \hbox (7.29596pt too wide) detected at line 34
\xeCJK@zhhei/m/n/14.05 参 赛 队 员\EU1/TimesNewRoman(0)/m/n/14.05 : 
 []


Overfull \hbox (82.35991pt too wide) in paragraph at lines 34--34
[][]
 []


Overfull \hbox (7.29596pt too wide) detected at line 34
\xeCJK@zhhei/m/n/14.05 完 成 时 间\EU1/TimesNewRoman(0)/m/n/14.05 : 
 []

[3] [4

] (E:\Software\WHU-Thesis-LaTeX\includefile/midmatter.tex
Requested font "SimSun" at 18.07pt
 -> C:/WINDOWS/Fonts/simsun.ttc
Requested font "SimSun/ICU" at 18.07pt
 -> C:/WINDOWS/Fonts/simsun.ttc
\g_fontspec_family_SimSun_int=\count311
Requested font "[SIMKAI.TTF]/ICU" at 18.07pt
 -> C:/WINDOWS/Fonts/SIMKAI.TTF
Requested font "SimHei/I/ICU" at 18.07pt
 -> C:/WINDOWS/Fonts/simhei.ttf
.................................................
. fontspec info: "no-font-shape"
. 
. Could not resolve font SimHei/I (it probably doesn't exist).
.................................................
.................................................
. fontspec info: "defining-font"
. 
. Font family 'SimSun(0)' created for font 'SimSun' with options
. [Ligatures=TeX,BoldFont={SimHei},ItalicFont={[SIMKAI.TTF]}].
. 
. This font family consists of the following shapes:
. 
. * 'normal' with NFSS spec.:
. <->"SimSun/ICU:script=latn;language=DFLT;mapping=tex-text;"
. 
. * 'bold' with NFSS spec.:
. <->"SimHei/ICU:script=latn;language=DFLT;mapping=tex-text;"
. 
. * 'italic' with NFSS spec.:
. <->"[SIMKAI.TTF]/ICU:script=latn;language=DFLT;mapping=tex-text;"
.................................................
Requested font "Times New Roman/ICU:script=latn;language=DFLT;" at 12.05pt
 -> C:/WINDOWS/Fonts/times.ttf
Requested font "SimSun" at 12.05pt
 -> C:/WINDOWS/Fonts/simsun.ttc
Requested font "SimSun/ICU" at 12.05pt
 -> C:/WINDOWS/Fonts/simsun.ttc
Requested font "SimSun/I/ICU" at 12.05pt
 -> C:/WINDOWS/Fonts/simsun.ttc
.................................................
. fontspec info: "no-font-shape"
. 
. Could not resolve font SimSun/I (it probably doesn't exist).
.................................................
Requested font "SimSun/I/ICU" at 12.05pt
 -> C:/WINDOWS/Fonts/simsun.ttc
.................................................
. fontspec info: "no-font-shape"
. 
. Could not resolve font SimSun/I (it probably doesn't exist).
.................................................
.................................................
. fontspec info: "defining-font"
. 
. Font family 'SimSun(1)' created for font 'SimSun' with options
. [Ligatures=TeX,BoldFont={SimSun},BoldFeatures={RawFeature={embolden=4}}].
. 
. This font family consists of the following shapes:
. 
. * 'normal' with NFSS spec.:
. <->"SimSun/ICU:script=latn;language=DFLT;mapping=tex-text;"
. 
. * 'bold' with NFSS spec.:
. <->"SimSun/ICU:script=latn;language=DFLT;mapping=tex-text;embolden=4;"
.................................................
Requested font "SimSun/ICU:script=latn;language=DFLT;mapping=tex-text;" at 12.0
5pt
 -> C:/WINDOWS/Fonts/simsun.ttc
Requested font "Times New Roman/ICU:script=latn;language=DFLT;" at 8.0pt
 -> C:/WINDOWS/Fonts/times.ttf
Requested font "Times New Roman/ICU:script=latn;language=DFLT;" at 6.0pt
 -> C:/WINDOWS/Fonts/times.ttf
Requested font "cmmi12" at 12.05pt
 -> cmmi12
Requested font "cmmi8" at 8.0pt
 -> cmmi8
Requested font "cmmi6" at 6.0pt
 -> cmmi6
Requested font "cmsy10" at 12.05pt
 -> cmsy10
Requested font "cmsy8" at 8.0pt
 -> cmsy8
Requested font "cmsy6" at 6.0pt
 -> cmsy6
Requested font "cmex10" at 12.05pt
 -> cmex10
Requested font "cmex8" at 8.0pt
 -> cmex8
Requested font "cmex7" at 6.0pt
 -> cmex7
Requested font "msam10" at 12.05pt
 -> msam10
Requested font "msam10" at 8.0pt
 -> msam10
Requested font "msam7" at 6.0pt
 -> msam7
Requested font "msbm10" at 12.05pt
 -> msbm10
Requested font "msbm10" at 8.0pt
 -> msbm10
Requested font "msbm7" at 6.0pt
 -> msbm7
Requested font "cmr12" at 12.05pt
 -> cmr12
Requested font "cmr8" at 8.0pt
 -> cmr8
Requested font "cmr6" at 6.0pt
 -> cmr6
Requested font "SimHei" at 12.05pt
 -> C:/WINDOWS/Fonts/simhei.ttf
Requested font "SimHei/ICU" at 12.05pt
 -> C:/WINDOWS/Fonts/simhei.ttf
.................................................
. fontspec info: "defining-font"
. 
. Font family 'SimHei(0)' created for font 'SimHei' with options
. [Ligatures=TeX,BoldFont={SimHei},BoldFeatures={RawFeature={embolden=4}}].
. 
. This font family consists of the following shapes:
.................................................
Requested font "SimHei/ICU:script=latn;language=DFLT;mapping=tex-text;" at 12.0
5pt
 -> C:/WINDOWS/Fonts/simhei.ttf
Requested font "SimSun" at 10.54pt
 -> C:/WINDOWS/Fonts/simsun.ttc
Requested font "SimSun/ICU" at 10.54pt
 -> C:/WINDOWS/Fonts/simsun.ttc
.................................................
. fontspec info: "defining-font"
. 
. Font family 'SimSun(0)' created for font 'SimSun' with options
. [Ligatures=TeX,BoldFont={SimHei},ItalicFont={[SIMKAI.TTF]}].
. 
. This font family consists of the following shapes:
.................................................
Requested font "SimSun/ICU:script=latn;language=DFLT;mapping=tex-text;" at 10.5
4pt
 -> C:/WINDOWS/Fonts/simsun.ttc
Requested font "Times New Roman/ICU:script=latn;language=DFLT;" at 7.0pt
 -> C:/WINDOWS/Fonts/times.ttf
Requested font "Times New Roman/ICU:script=latn;language=DFLT;" at 5.0pt
 -> C:/WINDOWS/Fonts/times.ttf
Requested font "cmex7" at 7.0pt
 -> cmex7
Requested font "cmex7" at 5.0pt
 -> cmex7
Requested font "msam7" at 7.0pt
 -> msam7
Requested font "msam5" at 5.0pt
 -> msam5
Requested font "msbm7" at 7.0pt
 -> msbm7
Requested font "msbm5" at 5.0pt
 -> msbm5
Requested font "SimHei" at 10.54pt
 -> C:/WINDOWS/Fonts/simhei.ttf
Requested font "SimHei/ICU" at 10.54pt
 -> C:/WINDOWS/Fonts/simhei.ttf
.................................................
. fontspec info: "defining-font"
. 
. Font family 'SimHei(0)' created for font 'SimHei' with options
. [Ligatures=TeX,BoldFont={SimHei},BoldFeatures={RawFeature={embolden=4}}].
. 
. This font family consists of the following shapes:
.................................................
Requested font "SimHei/ICU:script=latn;language=DFLT;mapping=tex-text;" at 10.5
4pt
 -> C:/WINDOWS/Fonts/simhei.ttf
Requested font "Times New Roman/B/ICU:script=latn;language=DFLT;" at 10.54pt
 -> C:/WINDOWS/Fonts/timesbd.ttf


Package Fancyhdr Warning: \headheight is too small (12.0pt): 
 Make it at least 25.13228pt.
 We now make it that large for the rest of the document.
 This may cause the page layout to be inconsistent, however.

[1



] [2

]
Requested font "Times New Roman/B/ICU:script=latn;language=DFLT;" at 12.05pt
 -> C:/WINDOWS/Fonts/timesbd.ttf
) [3] [4


] (E:\Software\WHU-Thesis-LaTeX\MasterTemplate.toc
.................................................
. fontspec info: "defining-font"
. 
. Font family 'SimSun(0)' created for font 'SimSun' with options
. [Ligatures=TeX,BoldFont={SimHei},ItalicFont={[SIMKAI.TTF]}].
. 
. This font family consists of the following shapes:
.................................................
)
\tf@toc=\write4
 [5] [6

]
1\ignorespaces 
Requested font "Times New Roman/ICU:script=latn;language=DFLT;" at 15.06pt
 -> C:/WINDOWS/Fonts/times.ttf
Requested font "Times New Roman/B/ICU:script=latn;language=DFLT;" at 15.06pt
 -> C:/WINDOWS/Fonts/timesbd.ttf
Requested font "Times New Roman/B/ICU:script=latn;language=DFLT;" at 16.06pt
 -> C:/WINDOWS/Fonts/timesbd.ttf
Requested font "SimSun" at 16.06pt
 -> C:/WINDOWS/Fonts/simsun.ttc
Requested font "SimSun/ICU" at 16.06pt
 -> C:/WINDOWS/Fonts/simsun.ttc
.................................................
. fontspec info: "defining-font"
. 
. Font family 'SimSun(0)' created for font 'SimSun' with options
. [Ligatures=TeX,BoldFont={SimHei},ItalicFont={[SIMKAI.TTF]}].
. 
. This font family consists of the following shapes:
.................................................
Requested font "SimHei/ICU:script=latn;language=DFLT;mapping=tex-text;" at 16.0
6pt
 -> C:/WINDOWS/Fonts/simhei.ttf
LaTeX Font Info:    Try loading font information for EU1+lmtt on input line 75.

("D:\Program Files\CTEX\MiKTeX\tex\latex\euenc\eu1lmtt.fd"
File: eu1lmtt.fd 2009/10/30 v1.6 Font defs for Latin Modern
)
Requested font "[lmmono10-regular]" at 10.54pt
 -> D:/Program Files/CTEX/MiKTeX/fonts/opentype/public/lm/lmmono10-regular.otf
 [1

]
Requested font "[SIMKAI.TTF]" at 10.54pt
 -> C:/WINDOWS/Fonts/SIMKAI.TTF
Requested font "[SIMKAI.TTF]/ICU" at 10.54pt
 -> C:/WINDOWS/Fonts/SIMKAI.TTF
.................................................
. fontspec info: "no-scripts"
. 
. Font [SIMKAI.TTF] does not contain any OpenType `Script' information.
.................................................
\g_fontspec_family_[SIMKAI.TTF]_int=\count312
Requested font "[SIMKAI.TTF]/I/ICU" at 10.54pt
 -> C:/WINDOWS/Fonts/SIMKAI.TTF
Requested font "[SIMKAI.TTF]/I/I/ICU" at 10.54pt
 -> C:/WINDOWS/Fonts/SIMKAI.TTF
.................................................
. fontspec info: "defining-font"
. 
. Font family '[SIMKAI.TTF](0)' created for font '[SIMKAI.TTF]' with options
. [Ligatures=TeX,BoldFont={[SIMKAI.TTF]},BoldFeatures={RawFeature={embolden=4}}
].
. 
. This font family consists of the following shapes:
. 
. * 'normal' with NFSS spec.:
. <->"[SIMKAI.TTF]/ICU:mapping=tex-text;"
. 
. * 'bold' with NFSS spec.:
. <->"[SIMKAI.TTF]/ICU:mapping=tex-text;embolden=4;"
. 
. * 'italic' with NFSS spec.:
. <->"[SIMKAI.TTF]/I/ICU:mapping=tex-text;"
. 
. * 'bold italic' with NFSS spec.:
. <->"[SIMKAI.TTF]/I/ICU:mapping=tex-text;"
.................................................
Requested font "[SIMKAI.TTF]/ICU:mapping=tex-text;" at 10.54pt
 -> C:/WINDOWS/Fonts/SIMKAI.TTF
 [2]
2\ignorespaces 
.................................................
. fontspec info: "defining-font"
. 
. Font family 'SimSun(1)' created for font 'SimSun' with options
. [Ligatures=TeX,BoldFont={SimSun},BoldFeatures={RawFeature={embolden=4}}].
. 
. This font family consists of the following shapes:
.................................................
Requested font "[SIMFANG.TTF]" at 10.54pt
 -> C:/WINDOWS/Fonts/SIMFANG.TTF
Requested font "[SIMFANG.TTF]/ICU" at 10.54pt
 -> C:/WINDOWS/Fonts/SIMFANG.TTF
.................................................
. fontspec info: "no-scripts"
. 
. Font [SIMFANG.TTF] does not contain any OpenType `Script' information.
.................................................
\g_fontspec_family_[SIMFANG.TTF]_int=\count313
Requested font "[SIMFANG.TTF]/I/ICU" at 10.54pt
 -> C:/WINDOWS/Fonts/SIMFANG.TTF
Requested font "[SIMFANG.TTF]/I/I/ICU" at 10.54pt
 -> C:/WINDOWS/Fonts/SIMFANG.TTF
.................................................
. fontspec info: "defining-font"
. 
. Font family '[SIMFANG.TTF](0)' created for font '[SIMFANG.TTF]' with options
. [Ligatures=TeX,BoldFont={[SIMFANG.TTF]},BoldFeatures={RawFeature={embolden=4}
}].
. 
. This font family consists of the following shapes:
. 
. * 'normal' with NFSS spec.:
. <->"[SIMFANG.TTF]/ICU:mapping=tex-text;"
. 
. * 'bold' with NFSS spec.:
. <->"[SIMFANG.TTF]/ICU:mapping=tex-text;embolden=4;"
. 
. * 'italic' with NFSS spec.:
. <->"[SIMFANG.TTF]/I/ICU:mapping=tex-text;"
. 
. * 'bold italic' with NFSS spec.:
. <->"[SIMFANG.TTF]/I/ICU:mapping=tex-text;"
.................................................
Requested font "[SIMFANG.TTF]/ICU:mapping=tex-text;" at 10.54pt
 -> C:/WINDOWS/Fonts/SIMFANG.TTF

Underfull \vbox (badness 10000) has occurred while \output is active []

 [3

]
Requested font "Times New Roman/ICU:script=latn;language=DFLT;" at 42.16pt
 -> C:/WINDOWS/Fonts/times.ttf
Requested font "SimSun" at 42.16pt
 -> C:/WINDOWS/Fonts/simsun.ttc
Requested font "SimSun/ICU" at 42.16pt
 -> C:/WINDOWS/Fonts/simsun.ttc
.................................................
. fontspec info: "defining-font"
. 
. Font family 'SimSun(0)' created for font 'SimSun' with options
. [Ligatures=TeX,BoldFont={SimHei},ItalicFont={[SIMKAI.TTF]}].
. 
. This font family consists of the following shapes:
.................................................
Requested font "SimSun/ICU:script=latn;language=DFLT;mapping=tex-text;" at 42.1
6pt
 -> C:/WINDOWS/Fonts/simsun.ttc
Requested font "Times New Roman/ICU:script=latn;language=DFLT;" at 36.14pt
 -> C:/WINDOWS/Fonts/times.ttf
Requested font "SimSun" at 36.14pt
 -> C:/WINDOWS/Fonts/simsun.ttc
Requested font "SimSun/ICU" at 36.14pt
 -> C:/WINDOWS/Fonts/simsun.ttc
.................................................
. fontspec info: "defining-font"
. 
. Font family 'SimSun(0)' created for font 'SimSun' with options
. [Ligatures=TeX,BoldFont={SimHei},ItalicFont={[SIMKAI.TTF]}].
. 
. This font family consists of the following shapes:
.................................................
Requested font "SimSun/ICU:script=latn;language=DFLT;mapping=tex-text;" at 36.1
4pt
 -> C:/WINDOWS/Fonts/simsun.ttc
Requested font "SimSun" at 26.1pt
 -> C:/WINDOWS/Fonts/simsun.ttc
Requested font "SimSun/ICU" at 26.1pt
 -> C:/WINDOWS/Fonts/simsun.ttc
.................................................
. fontspec info: "defining-font"
. 
. Font family 'SimSun(0)' created for font 'SimSun' with options
. [Ligatures=TeX,BoldFont={SimHei},ItalicFont={[SIMKAI.TTF]}].
. 
. This font family consists of the following shapes:
.................................................
Requested font "SimSun/ICU:script=latn;language=DFLT;mapping=tex-text;" at 26.1
pt
 -> C:/WINDOWS/Fonts/simsun.ttc
Requested font "Times New Roman/ICU:script=latn;language=DFLT;" at 24.09pt
 -> C:/WINDOWS/Fonts/times.ttf
Requested font "SimSun" at 24.09pt
 -> C:/WINDOWS/Fonts/simsun.ttc
Requested font "SimSun/ICU" at 24.09pt
 -> C:/WINDOWS/Fonts/simsun.ttc
.................................................
. fontspec info: "defining-font"
. 
. Font family 'SimSun(0)' created for font 'SimSun' with options
. [Ligatures=TeX,BoldFont={SimHei},ItalicFont={[SIMKAI.TTF]}].
. 
. This font family consists of the following shapes:
.................................................
Requested font "SimSun/ICU:script=latn;language=DFLT;mapping=tex-text;" at 24.0
9pt
 -> C:/WINDOWS/Fonts/simsun.ttc
Requested font "Times New Roman/ICU:script=latn;language=DFLT;" at 22.08pt
 -> C:/WINDOWS/Fonts/times.ttf
Requested font "SimSun" at 22.08pt
 -> C:/WINDOWS/Fonts/simsun.ttc
Requested font "SimSun/ICU" at 22.08pt
 -> C:/WINDOWS/Fonts/simsun.ttc
.................................................
. fontspec info: "defining-font"
. 
. Font family 'SimSun(0)' created for font 'SimSun' with options
. [Ligatures=TeX,BoldFont={SimHei},ItalicFont={[SIMKAI.TTF]}].
. 
. This font family consists of the following shapes:
.................................................
Requested font "SimSun/ICU:script=latn;language=DFLT;mapping=tex-text;" at 22.0
8pt
 -> C:/WINDOWS/Fonts/simsun.ttc
.................................................
. fontspec info: "defining-font"
. 
. Font family 'SimSun(0)' created for font 'SimSun' with options
. [Ligatures=TeX,BoldFont={SimHei},ItalicFont={[SIMKAI.TTF]}].
. 
. This font family consists of the following shapes:
.................................................
Requested font "SimSun/ICU:script=latn;language=DFLT;mapping=tex-text;" at 18.0
7pt
 -> C:/WINDOWS/Fonts/simsun.ttc
Requested font "Times New Roman/ICU:script=latn;language=DFLT;" at 16.06pt
 -> C:/WINDOWS/Fonts/times.ttf
.................................................
. fontspec info: "defining-font"
. 
. Font family 'SimSun(0)' created for font 'SimSun' with options
. [Ligatures=TeX,BoldFont={SimHei},ItalicFont={[SIMKAI.TTF]}].
. 
. This font family consists of the following shapes:
.................................................
Requested font "SimSun/ICU:script=latn;language=DFLT;mapping=tex-text;" at 16.0
6pt
 -> C:/WINDOWS/Fonts/simsun.ttc
Requested font "SimSun" at 15.06pt
 -> C:/WINDOWS/Fonts/simsun.ttc
Requested font "SimSun/ICU" at 15.06pt
 -> C:/WINDOWS/Fonts/simsun.ttc
.................................................
. fontspec info: "defining-font"
. 
. Font family 'SimSun(0)' created for font 'SimSun' with options
. [Ligatures=TeX,BoldFont={SimHei},ItalicFont={[SIMKAI.TTF]}].
. 
. This font family consists of the following shapes:
.................................................
Requested font "SimSun/ICU:script=latn;language=DFLT;mapping=tex-text;" at 15.0
6pt
 -> C:/WINDOWS/Fonts/simsun.ttc
Requested font "SimSun" at 14.05pt
 -> C:/WINDOWS/Fonts/simsun.ttc
Requested font "SimSun/ICU" at 14.05pt
 -> C:/WINDOWS/Fonts/simsun.ttc
.................................................
. fontspec info: "defining-font"
. 
. Font family 'SimSun(0)' created for font 'SimSun' with options
. [Ligatures=TeX,BoldFont={SimHei},ItalicFont={[SIMKAI.TTF]}].
. 
. This font family consists of the following shapes:
.................................................
Requested font "SimSun/ICU:script=latn;language=DFLT;mapping=tex-text;" at 14.0
5pt
 -> C:/WINDOWS/Fonts/simsun.ttc
.................................................
. fontspec info: "defining-font"
. 
. Font family 'SimSun(0)' created for font 'SimSun' with options
. [Ligatures=TeX,BoldFont={SimHei},ItalicFont={[SIMKAI.TTF]}].
. 
. This font family consists of the following shapes:
.................................................
Requested font "Times New Roman/ICU:script=latn;language=DFLT;" at 9.03pt
 -> C:/WINDOWS/Fonts/times.ttf
Requested font "SimSun" at 9.03pt
 -> C:/WINDOWS/Fonts/simsun.ttc
Requested font "SimSun/ICU" at 9.03pt
 -> C:/WINDOWS/Fonts/simsun.ttc
.................................................
. fontspec info: "defining-font"
. 
. Font family 'SimSun(0)' created for font 'SimSun' with options
. [Ligatures=TeX,BoldFont={SimHei},ItalicFont={[SIMKAI.TTF]}].
. 
. This font family consists of the following shapes:
.................................................
Requested font "SimSun/ICU:script=latn;language=DFLT;mapping=tex-text;" at 9.03
pt
 -> C:/WINDOWS/Fonts/simsun.ttc
Requested font "SimSun" at 7.53pt
 -> C:/WINDOWS/Fonts/simsun.ttc
Requested font "SimSun/ICU" at 7.53pt
 -> C:/WINDOWS/Fonts/simsun.ttc
.................................................
. fontspec info: "defining-font"
. 
. Font family 'SimSun(0)' created for font 'SimSun' with options
. [Ligatures=TeX,BoldFont={SimHei},ItalicFont={[SIMKAI.TTF]}].
. 
. This font family consists of the following shapes:
.................................................
Requested font "SimSun/ICU:script=latn;language=DFLT;mapping=tex-text;" at 7.53
pt
 -> C:/WINDOWS/Fonts/simsun.ttc
Requested font "Times New Roman/ICU:script=latn;language=DFLT;" at 6.52pt
 -> C:/WINDOWS/Fonts/times.ttf
Requested font "SimSun" at 6.52pt
 -> C:/WINDOWS/Fonts/simsun.ttc
Requested font "SimSun/ICU" at 6.52pt
 -> C:/WINDOWS/Fonts/simsun.ttc
.................................................
. fontspec info: "defining-font"
. 
. Font family 'SimSun(0)' created for font 'SimSun' with options
. [Ligatures=TeX,BoldFont={SimHei},ItalicFont={[SIMKAI.TTF]}].
. 
. This font family consists of the following shapes:
.................................................
Requested font "SimSun/ICU:script=latn;language=DFLT;mapping=tex-text;" at 6.52
pt
 -> C:/WINDOWS/Fonts/simsun.ttc
Requested font "Times New Roman/ICU:script=latn;language=DFLT;" at 5.52pt
 -> C:/WINDOWS/Fonts/times.ttf
Requested font "SimSun" at 5.52pt
 -> C:/WINDOWS/Fonts/simsun.ttc
Requested font "SimSun/ICU" at 5.52pt
 -> C:/WINDOWS/Fonts/simsun.ttc
.................................................
. fontspec info: "defining-font"
. 
. Font family 'SimSun(0)' created for font 'SimSun' with options
. [Ligatures=TeX,BoldFont={SimHei},ItalicFont={[SIMKAI.TTF]}].
. 
. This font family consists of the following shapes:
.................................................
Requested font "SimSun/ICU:script=latn;language=DFLT;mapping=tex-text;" at 5.52
pt
 -> C:/WINDOWS/Fonts/simsun.ttc
Requested font "Times New Roman/ICU:script=latn;language=DFLT;" at 5.02pt
 -> C:/WINDOWS/Fonts/times.ttf
Requested font "SimSun" at 5.02pt
 -> C:/WINDOWS/Fonts/simsun.ttc
Requested font "SimSun/ICU" at 5.02pt
 -> C:/WINDOWS/Fonts/simsun.ttc
.................................................
. fontspec info: "defining-font"
. 
. Font family 'SimSun(0)' created for font 'SimSun' with options
. [Ligatures=TeX,BoldFont={SimHei},ItalicFont={[SIMKAI.TTF]}].
. 
. This font family consists of the following shapes:
.................................................
Requested font "SimSun/ICU:script=latn;language=DFLT;mapping=tex-text;" at 5.02
pt
 -> C:/WINDOWS/Fonts/simsun.ttc

[4]
Requested font "Times New Roman/B/ICU:script=latn;language=DFLT;" at 14.05pt
 -> C:/WINDOWS/Fonts/timesbd.ttf
.................................................
. fontspec info: "defining-font"
. 
. Font family 'SimSun(0)' created for font 'SimSun' with options
. [Ligatures=TeX,BoldFont={SimHei},ItalicFont={[SIMKAI.TTF]}].
. 
. This font family consists of the following shapes:
.................................................
Package hyperref Info: bookmark level for unknown theorem defaults to 0 on inpu
t line 288.
Package hyperref Info: bookmark level for unknown proof defaults to 0 on input 
line 293.
 [5]
Package hyperref Info: bookmark level for unknown definition defaults to 0 on i
nput line 310.
Package hyperref Info: bookmark level for unknown remark defaults to 0 on input
 line 315.
Requested font "Times New Roman/B/ICU:script=latn;language=DFLT;" at 7.0pt
 -> C:/WINDOWS/Fonts/timesbd.ttf
Requested font "Times New Roman/B/ICU:script=latn;language=DFLT;" at 5.0pt
 -> C:/WINDOWS/Fonts/timesbd.ttf
Package hyperref Info: bookmark level for unknown proposition defaults to 0 on 
input line 319.
Package hyperref Info: bookmark level for unknown example defaults to 0 on inpu
t line 323.
Package hyperref Info: bookmark level for unknown corollary defaults to 0 on in
put line 327.
File: figures/Daisy.jpg Graphic file (type QTm)
 <use  "figures/Daisy.jpg" >
Requested font "Times New Roman/I/ICU:script=latn;language=DFLT;" at 9.03pt
 -> C:/WINDOWS/Fonts/timesi.ttf
.................................................
. fontspec info: "defining-font"
. 
. Font family 'SimSun(0)' created for font 'SimSun' with options
. [Ligatures=TeX,BoldFont={SimHei},ItalicFont={[SIMKAI.TTF]}].
. 
. This font family consists of the following shapes:
.................................................
Requested font "[SIMKAI.TTF]/ICU:script=latn;language=DFLT;mapping=tex-text;" a
t 9.03pt
 -> C:/WINDOWS/Fonts/SIMKAI.TTF
 [6] [7] [8

]
3\ignorespaces 
[9] [10

]
4\ignorespaces 
[11] [12] [13] [14

]
5\ignorespaces 
Requested font "Times New Roman/B/ICU:script=latn;language=DFLT;" at 7.53pt
 -> C:/WINDOWS/Fonts/timesbd.ttf
Requested font "SimHei" at 7.53pt
 -> C:/WINDOWS/Fonts/simhei.ttf
Requested font "SimHei/ICU" at 7.53pt
 -> C:/WINDOWS/Fonts/simhei.ttf
.................................................
. fontspec info: "defining-font"
. 
. Font family 'SimHei(0)' created for font 'SimHei' with options
. [Ligatures=TeX,BoldFont={SimHei},BoldFeatures={RawFeature={embolden=4}}].
. 
. This font family consists of the following shapes:
.................................................
Requested font "SimHei/ICU:script=latn;language=DFLT;mapping=tex-text;" at 7.53
pt
 -> C:/WINDOWS/Fonts/simhei.ttf
[15] [16]
.................................................
. fontspec info: "defining-font"
. 
. Font family 'SimSun(0)' created for font 'SimSun' with options
. [Ligatures=TeX,BoldFont={SimHei},ItalicFont={[SIMKAI.TTF]}].
. 
. This font family consists of the following shapes:
.................................................
Requested font "Times New Roman/I/ICU:script=latn;language=DFLT;" at 10.54pt
 -> C:/WINDOWS/Fonts/timesi.ttf

Underfull \hbox (badness 10000) in paragraph at lines 590--591
[]\EU1/TimesNewRoman(0)/m/sl/10.54 Herbert Voß, Mathmode, []$[][][][] [] [] []
 [][][] [] [][][] [] [][] [] [][] [] [][][][] [] [][][][] [] [][][][] [] [][][]
[] [] [][][][][][][][] []
 []

[17


] [18

] (E:\Software\WHU-Thesis-LaTeX\includefile/backmatter.tex [19



]
[20

] [21] [22

])
\tf@thm=\write5
Package atveryend Info: Empty hook `BeforeClearDocument' on input line 599.
Package atveryend Info: Empty hook `AfterLastShipout' on input line 599.
 (E:\Software\WHU-Thesis-LaTeX\MasterTemplate.aux
(E:\Software\WHU-Thesis-LaTeX\includefile/midmatter.aux)
(E:\Software\WHU-Thesis-LaTeX\includefile/backmatter.aux))
Package atveryend Info: Empty hook `AtVeryEndDocument' on input line 599.
Package atveryend Info: Empty hook `AtEndAfterFileList' on input line 599.


LaTeX Font Warning: Some font shapes were not available, defaults substituted.

 ) 
Here is how much of TeX's memory you used:
 23747 strings out of 430478
 447882 string characters out of 3191151
 486373 words of memory out of 3000000
 26455 multiletter control sequences out of 15000+200000
 15203 words of font info for 178 fonts, out of 3000000 for 9000
 14 hyphenation exceptions out of 8191
 60i,12n,94p,896b,524s stack positions out of 5000i,500n,10000p,200000b,50000s

Output written on MasterTemplate.pdf (32 pages).
